<?xml version="1.0" encoding="UTF-8"?>
<testng-results skipped="0" failed="0" total="1" passed="1">
  <reporter-output>
  </reporter-output>
  <suite name="Default suite" duration-ms="33979" started-at="2018-07-26T06:00:35Z" finished-at="2018-07-26T06:01:09Z">
    <groups>
    </groups>
    <test name="Default test" duration-ms="33979" started-at="2018-07-26T06:00:35Z" finished-at="2018-07-26T06:01:09Z">
      <class name="com.accenture.test.ChildBrowser">
        <test-method status="PASS" signature="f()[pri:0, instance:com.accenture.test.ChildBrowser@26be92ad]" name="f" duration-ms="33815" started-at="2018-07-26T11:30:35Z" finished-at="2018-07-26T11:31:09Z">
          <reporter-output>
          </reporter-output>
        </test-method> <!-- f -->
      </class> <!-- com.accenture.test.ChildBrowser -->
    </test> <!-- Default test -->
  </suite> <!-- Default suite -->
</testng-results>
